<?xml version="1.0" encoding="UTF-8"?>
<robot generator="Robot 7.4.2 (Python 3.13.7 on win32)" generated="2026-03-29T22:42:40.599604" rpa="false" schemaversion="5">
<suite id="s1" name="SetupAndTearDown" source="C:\HUyen\ROBOT\Robot1\TestCases\SetupAndTearDown.robot">
<kw name="Log To Console" owner="BuiltIn" type="SETUP">
<arg>Opening Browser</arg>
<doc>Logs the given message to the console.</doc>
<status status="PASS" start="2026-03-29T22:42:40.654818" elapsed="0.000542"/>
</kw>
<test id="s1-t1" name="TC1 Prepaid Recharge" line="10">
<kw name="Log To Console" owner="BuiltIn" type="SETUP">
<arg>Login To Application</arg>
<doc>Logs the given message to the console.</doc>
<status status="PASS" start="2026-03-29T22:42:40.656052" elapsed="0.000398"/>
</kw>
<kw name="Log To Console" owner="BuiltIn">
<arg>This is prepaid recharge testcase</arg>
<doc>Logs the given message to the console.</doc>
<status status="PASS" start="2026-03-29T22:42:40.656648" elapsed="0.000381"/>
</kw>
<kw name="Log To Console" owner="BuiltIn" type="TEARDOWN">
<arg>Logout From Application</arg>
<doc>Logs the given message to the console.</doc>
<status status="PASS" start="2026-03-29T22:42:40.657262" elapsed="0.000367"/>
</kw>
<status status="PASS" start="2026-03-29T22:42:40.655590" elapsed="0.002138"/>
</test>
<test id="s1-t2" name="TC2 Postpaid Recharge" line="12">
<kw name="Log To Console" owner="BuiltIn" type="SETUP">
<arg>Login To Application</arg>
<doc>Logs the given message to the console.</doc>
<status status="PASS" start="2026-03-29T22:42:40.658493" elapsed="0.000358"/>
</kw>
<kw name="Log To Console" owner="BuiltIn">
<arg>This is postpaid recharge testcase</arg>
<doc>Logs the given message to the console.</doc>
<status status="PASS" start="2026-03-29T22:42:40.659010" elapsed="0.000335"/>
</kw>
<kw name="Log To Console" owner="BuiltIn" type="TEARDOWN">
<arg>Logout From Application</arg>
<doc>Logs the given message to the console.</doc>
<status status="PASS" start="2026-03-29T22:42:40.659558" elapsed="0.000319"/>
</kw>
<status status="PASS" start="2026-03-29T22:42:40.658130" elapsed="0.001834"/>
</test>
<test id="s1-t3" name="TC3 Search" line="15">
<kw name="Log To Console" owner="BuiltIn" type="SETUP">
<arg>Login To Application</arg>
<doc>Logs the given message to the console.</doc>
<status status="PASS" start="2026-03-29T22:42:40.660620" elapsed="0.000325"/>
</kw>
<kw name="Log To Console" owner="BuiltIn">
<arg>This is Search testcase</arg>
<doc>Logs the given message to the console.</doc>
<status status="PASS" start="2026-03-29T22:42:40.661085" elapsed="0.000293"/>
</kw>
<kw name="Log To Console" owner="BuiltIn" type="TEARDOWN">
<arg>Logout From Application</arg>
<doc>Logs the given message to the console.</doc>
<status status="PASS" start="2026-03-29T22:42:40.661553" elapsed="0.000289"/>
</kw>
<status status="PASS" start="2026-03-29T22:42:40.660302" elapsed="0.001618"/>
</test>
<test id="s1-t4" name="TC4 Advanced Search" line="18">
<kw name="Log To Console" owner="BuiltIn" type="SETUP">
<arg>Login To Application</arg>
<doc>Logs the given message to the console.</doc>
<status status="PASS" start="2026-03-29T22:42:40.662529" elapsed="0.000328"/>
</kw>
<kw name="Log To Console" owner="BuiltIn">
<arg>This is AV search testcase</arg>
<doc>Logs the given message to the console.</doc>
<status status="PASS" start="2026-03-29T22:42:40.663008" elapsed="0.000316"/>
</kw>
<kw name="Log To Console" owner="BuiltIn" type="TEARDOWN">
<arg>Logout From Application</arg>
<doc>Logs the given message to the console.</doc>
<status status="PASS" start="2026-03-29T22:42:40.663510" elapsed="0.000298"/>
</kw>
<status status="PASS" start="2026-03-29T22:42:40.662219" elapsed="0.001667"/>
</test>
<kw name="Log To Console" owner="BuiltIn" type="TEARDOWN">
<arg>Closing Browser</arg>
<doc>Logs the given message to the console.</doc>
<status status="PASS" start="2026-03-29T22:42:40.664461" elapsed="0.000349"/>
</kw>
<status status="PASS" start="2026-03-29T22:42:40.613592" elapsed="0.051301"/>
</suite>
<statistics>
<total>
<stat pass="4" fail="0" skip="0">All Tests</stat>
</total>
<tag>
</tag>
<suite>
<stat name="SetupAndTearDown" id="s1" pass="4" fail="0" skip="0">SetupAndTearDown</stat>
</suite>
</statistics>
<errors>
</errors>
</robot>
